<?xml version="1.0" encoding="UTF-8"?>
<testsuite xmlns:xsi="http://www.w3.org/2001/XMLSchema-instance" xsi:noNamespaceSchemaLocation="https://maven.apache.org/surefire/maven-surefire-plugin/xsd/surefire-test-report.xsd" name="com.teamtwo.warmup.WarmupApplicationTests" time="3.359" tests="8" errors="0" skipped="0" failures="0">
  <properties>
[...]
</properties>
  <testcase name="testjwt" classname="com.teamtwo.warmup.WarmupApplicationTests" time="0.228"/>
  <testcase name="testToken" classname="com.teamtwo.warmup.WarmupApplicationTests" time="0.001"/>
  <testcase name="testTime" classname="com.teamtwo.warmup.WarmupApplicationTests" time="0.004"/>
  <testcase name="testTaskService" classname="com.teamtwo.warmup.WarmupApplicationTests" time="0.913"/>
  <testcase name="testTaskMapper" classname="com.teamtwo.warmup.WarmupApplicationTests" time="0.126"/>
  <testcase name="testUserMapper" classname="com.teamtwo.warmup.WarmupApplicationTests" time="0.001"/>
  <testcase name="testUserService" classname="com.teamtwo.warmup.WarmupApplicationTests" time="0.139"/>
  <testcase name="contextLoads" classname="com.teamtwo.warmup.WarmupApplicationTests" time="0.001"/>
</testsuite>